2023-03-16 22:10:58 [background-preinit] INFO  o.h.v.i.u.Version                                  - HV000001: Hibernate Validator 6.2.5.Final 
2023-03-16 22:10:58 [main] INFO  c.v.t.Lesson8aApplication                          - Starting Lesson8aApplication using Java 11.0.18 on DESKTOP-S6VRHU6 with PID 21332 (D:\javaAdvance\Lesson8a\target\classes started by HP in D:\javaAdvance\Lesson8a) 
2023-03-16 22:10:58 [main] INFO  c.v.t.Lesson8aApplication                          - No active profile set, falling back to 1 default profile: "default" 
2023-03-16 22:11:01 [main] INFO  o.s.d.r.c.RepositoryConfigurationDelegate          - Bootstrapping Spring Data JPA repositories in DEFAULT mode. 
2023-03-16 22:11:01 [main] INFO  o.s.d.r.c.RepositoryConfigurationDelegate          - Finished Spring Data repository scanning in 97 ms. Found 2 JPA repository interfaces. 
2023-03-16 22:11:03 [main] INFO  o.s.b.w.e.t.TomcatWebServer                        - Tomcat initialized with port(s): 8080 (http) 
2023-03-16 22:11:03 [main] INFO  o.a.c.h.Http11NioProtocol                          - Initializing ProtocolHandler ["http-nio-8080"] 
2023-03-16 22:11:03 [main] INFO  o.a.c.c.StandardService                            - Starting service [Tomcat] 
2023-03-16 22:11:03 [main] INFO  o.a.c.c.StandardEngine                             - Starting Servlet engine: [Apache Tomcat/9.0.71] 
2023-03-16 22:11:03 [main] INFO  o.a.c.c.C.[.[.[/]                                  - Initializing Spring embedded WebApplicationContext 
2023-03-16 22:11:03 [main] INFO  o.s.b.w.s.c.ServletWebServerApplicationContext     - Root WebApplicationContext: initialization completed in 4926 ms 
2023-03-16 22:11:03 [main] INFO  o.h.j.i.u.LogHelper                                - HHH000204: Processing PersistenceUnitInfo [name: default] 
2023-03-16 22:11:04 [main] INFO  o.h.Version                                        - HHH000412: Hibernate ORM core version 5.6.15.Final 
2023-03-16 22:11:04 [main] INFO  o.h.a.c.Version                                    - HCANN000001: Hibernate Commons Annotations {5.1.2.Final} 
2023-03-16 22:11:04 [main] INFO  c.z.h.HikariDataSource                             - HikariPool-1 - Starting... 
2023-03-16 22:11:05 [main] INFO  c.z.h.HikariDataSource                             - HikariPool-1 - Start completed. 
2023-03-16 22:11:05 [main] INFO  o.h.d.Dialect                                      - HHH000400: Using dialect: org.hibernate.dialect.MySQL8Dialect 
2023-03-16 22:11:07 [main] INFO  o.h.e.t.j.p.i.JtaPlatformInitiator                 - HHH000490: Using JtaPlatform implementation: [org.hibernate.engine.transaction.jta.platform.internal.NoJtaPlatform] 
2023-03-16 22:11:07 [main] INFO  o.s.o.j.LocalContainerEntityManagerFactoryBean     - Initialized JPA EntityManagerFactory for persistence unit 'default' 
2023-03-16 22:11:07 [main] WARN  o.s.b.a.o.j.JpaBaseConfiguration$JpaWebConfiguration - spring.jpa.open-in-view is enabled by default. Therefore, database queries may be performed during view rendering. Explicitly configure spring.jpa.open-in-view to disable this warning 
2023-03-16 22:11:10 [main] INFO  o.s.s.w.DefaultSecurityFilterChain                 - Will secure any request with [org.springframework.security.web.session.DisableEncodeUrlFilter@21632bf8, org.springframework.security.web.context.request.async.WebAsyncManagerIntegrationFilter@408708a1, org.springframework.security.web.context.SecurityContextPersistenceFilter@e5bce8e, org.springframework.security.web.header.HeaderWriterFilter@661d49d1, org.springframework.web.filter.CorsFilter@3f7b15bb, org.springframework.security.web.authentication.logout.LogoutFilter@c509742, org.springframework.security.web.authentication.www.BasicAuthenticationFilter@61868687, org.springframework.security.web.savedrequest.RequestCacheAwareFilter@4c0989f7, org.springframework.security.web.servletapi.SecurityContextHolderAwareRequestFilter@396a4dea, org.springframework.security.web.authentication.AnonymousAuthenticationFilter@2dacad1d, org.springframework.security.web.session.SessionManagementFilter@1fcef6f9, org.springframework.security.web.access.ExceptionTranslationFilter@47d7e8b5, org.springframework.security.web.access.intercept.FilterSecurityInterceptor@2da3d7d3] 
2023-03-16 22:11:11 [main] INFO  o.a.c.h.Http11NioProtocol                          - Starting ProtocolHandler ["http-nio-8080"] 
2023-03-16 22:11:11 [main] INFO  o.s.b.w.e.t.TomcatWebServer                        - Tomcat started on port(s): 8080 (http) with context path '' 
2023-03-16 22:11:12 [main] INFO  c.v.t.Lesson8aApplication                          - Started Lesson8aApplication in 14.581 seconds (JVM running for 16.663) 
2023-03-16 22:11:48 [http-nio-8080-exec-2] INFO  o.a.c.c.C.[.[.[/]                                  - Initializing Spring DispatcherServlet 'dispatcherServlet' 
2023-03-16 22:11:48 [http-nio-8080-exec-2] INFO  o.s.w.s.DispatcherServlet                          - Initializing Servlet 'dispatcherServlet' 
2023-03-16 22:11:48 [http-nio-8080-exec-2] INFO  o.s.w.s.DispatcherServlet                          - Completed initialization in 4 ms 
2023-03-16 22:11:49 [http-nio-8080-exec-2] DEBUG o.h.SQL                                            - 
    select
        account0_.id as id1_0_,
        account0_.department_id as departme7_0_,
        account0_.first_name as first_na2_0_,
        account0_.last_name as last_nam3_0_,
        account0_.`password` as password4_0_,
        account0_.`role` as role5_0_,
        account0_.username as username6_0_,
        concat(account0_.first_name,
        ' ',
        account0_.last_name) as formula1_ 
    from
        `Account` account0_ 
    where
        account0_.username=? 
2023-03-16 22:11:49 [http-nio-8080-exec-2] TRACE o.h.t.d.s.BasicBinder                              - binding parameter [1] as [VARCHAR] - [doccocaubai] 
2023-03-16 22:11:49 [http-nio-8080-exec-2] DEBUG o.h.SQL                                            - 
    select
        department0_.id as id1_1_0_,
        department0_.created_date as created_2_1_0_,
        department0_.`name` as name3_1_0_,
        department0_.total_member as total_me4_1_0_,
        department0_.`type` as type5_1_0_ 
    from
        `Department` department0_ 
    where
        department0_.id=? 
2023-03-16 22:11:49 [http-nio-8080-exec-2] TRACE o.h.t.d.s.BasicBinder                              - binding parameter [1] as [INTEGER] - [2] 
2023-03-16 22:11:50 [http-nio-8080-exec-2] WARN  o.a.c.u.SessionIdGeneratorBase                     - Creation of SecureRandom instance for session ID generation using [SHA1PRNG] took [234] milliseconds. 
